Started GET "/" for 127.0.0.1 at 2018-07-08 12:20:37 +0100
  [1m[35m (2.0ms)[0m  [1m[34mSELECT "schema_migrations"."version" FROM "schema_migrations" ORDER BY "schema_migrations"."version" ASC[0m
  ↳ /Users/tech-a04/.rbenv/versions/2.4.0/lib/ruby/gems/2.4.0/gems/activerecord-5.2.0/lib/active_record/log_subscriber.rb:98
Processing by PostsController#index as HTML
  [1m[36mUser Load (2.1ms)[0m  [1m[34mSELECT  "users".* FROM "users" WHERE "users"."id" = $1 ORDER BY "users"."id" ASC LIMIT $2[0m  [["id", 2], ["LIMIT", 1]]
  ↳ /Users/tech-a04/.rbenv/versions/2.4.0/lib/ruby/gems/2.4.0/gems/activerecord-5.2.0/lib/active_record/log_subscriber.rb:98
  Rendering posts/index.html.erb within layouts/application
  [1m[36mPost Load (1.0ms)[0m  [1m[34mSELECT "posts".* FROM "posts" WHERE "posts"."user_id" = $1[0m  [["user_id", 2]]
  ↳ app/views/posts/index.html.erb:17
  Rendered posts/index.html.erb within layouts/application (29.0ms)
Completed 200 OK in 1179ms (Views: 1054.5ms | ActiveRecord: 31.8ms)


Started DELETE "/users/sign_out" for 127.0.0.1 at 2018-07-08 12:20:41 +0100
Processing by Devise::SessionsController#destroy as HTML
  Parameters: {"authenticity_token"=>"ipYep75RddEM6+FGkmiiUamqKdH/Qsam9NncDsKswB2eYxiVmrATDJY+JoCyHXWBO0cm7SQcQlkRRCl63ntU6w=="}
  [1m[36mUser Load (0.6ms)[0m  [1m[34mSELECT  "users".* FROM "users" WHERE "users"."id" = $1 ORDER BY "users"."id" ASC LIMIT $2[0m  [["id", 2], ["LIMIT", 1]]
  ↳ /Users/tech-a04/.rbenv/versions/2.4.0/lib/ruby/gems/2.4.0/gems/activerecord-5.2.0/lib/active_record/log_subscriber.rb:98
  [1m[35m (0.6ms)[0m  [1m[35mBEGIN[0m
  ↳ /Users/tech-a04/.rbenv/versions/2.4.0/lib/ruby/gems/2.4.0/gems/activerecord-5.2.0/lib/active_record/log_subscriber.rb:98
  [1m[35m (0.3ms)[0m  [1m[35mCOMMIT[0m
  ↳ /Users/tech-a04/.rbenv/versions/2.4.0/lib/ruby/gems/2.4.0/gems/activerecord-5.2.0/lib/active_record/log_subscriber.rb:98
Redirected to http://localhost:3000/
Completed 302 Found in 56ms (ActiveRecord: 1.5ms)


Started GET "/" for 127.0.0.1 at 2018-07-08 12:20:41 +0100
Processing by PostsController#index as HTML
Completed 401 Unauthorized in 9ms (ActiveRecord: 0.0ms)


Started GET "/users/sign_in" for 127.0.0.1 at 2018-07-08 12:20:41 +0100
Processing by Devise::SessionsController#new as HTML
  Rendering devise/sessions/new.html.erb within layouts/application
  Rendered devise/shared/_links.html.erb (1.8ms)
  Rendered devise/sessions/new.html.erb within layouts/application (81.2ms)
Completed 200 OK in 148ms (Views: 140.1ms | ActiveRecord: 0.0ms)


Started POST "/users/sign_in" for 127.0.0.1 at 2018-07-08 12:20:47 +0100
Processing by Devise::SessionsController#create as HTML
  Parameters: {"utf8"=>"✓", "authenticity_token"=>"+RD9fRu5TQObkUz9JZ8B+qN/tRpUnHtoxcUTH7aPtAPRbCJvTppavb1DmtjeMsxKYLdk3VMlZLvA7CXrXfL0xw==", "user"=>{"email"=>"officialbgz@gmail.com", "password"=>"[FILTERED]", "remember_me"=>"0"}, "commit"=>"Log in"}
  [1m[36mUser Load (0.9ms)[0m  [1m[34mSELECT  "users".* FROM "users" WHERE "users"."email" = $1 ORDER BY "users"."id" ASC LIMIT $2[0m  [["email", "officialbgz@gmail.com"], ["LIMIT", 1]]
  ↳ /Users/tech-a04/.rbenv/versions/2.4.0/lib/ruby/gems/2.4.0/gems/activerecord-5.2.0/lib/active_record/log_subscriber.rb:98
  [1m[35m (0.4ms)[0m  [1m[35mBEGIN[0m
  ↳ /Users/tech-a04/.rbenv/versions/2.4.0/lib/ruby/gems/2.4.0/gems/activerecord-5.2.0/lib/active_record/log_subscriber.rb:98
  [1m[36mUser Update (0.9ms)[0m  [1m[33mUPDATE "users" SET "current_sign_in_at" = $1, "last_sign_in_at" = $2, "sign_in_count" = $3, "updated_at" = $4 WHERE "users"."id" = $5[0m  [["current_sign_in_at", "2018-07-08 11:20:47.412100"], ["last_sign_in_at", "2018-07-08 11:04:51.441992"], ["sign_in_count", 8], ["updated_at", "2018-07-08 11:20:47.414380"], ["id", 2]]
  ↳ /Users/tech-a04/.rbenv/versions/2.4.0/lib/ruby/gems/2.4.0/gems/activerecord-5.2.0/lib/active_record/log_subscriber.rb:98
  [1m[35m (2.6ms)[0m  [1m[35mCOMMIT[0m
  ↳ /Users/tech-a04/.rbenv/versions/2.4.0/lib/ruby/gems/2.4.0/gems/activerecord-5.2.0/lib/active_record/log_subscriber.rb:98
Redirected to http://localhost:3000/
Completed 302 Found in 230ms (ActiveRecord: 4.7ms)


Started GET "/" for 127.0.0.1 at 2018-07-08 12:20:47 +0100
Processing by PostsController#index as HTML
  [1m[36mUser Load (0.9ms)[0m  [1m[34mSELECT  "users".* FROM "users" WHERE "users"."id" = $1 ORDER BY "users"."id" ASC LIMIT $2[0m  [["id", 2], ["LIMIT", 1]]
  ↳ /Users/tech-a04/.rbenv/versions/2.4.0/lib/ruby/gems/2.4.0/gems/activerecord-5.2.0/lib/active_record/log_subscriber.rb:98
  Rendering posts/index.html.erb within layouts/application
  [1m[36mPost Load (0.6ms)[0m  [1m[34mSELECT "posts".* FROM "posts" WHERE "posts"."user_id" = $1[0m  [["user_id", 2]]
  ↳ app/views/posts/index.html.erb:17
  Rendered posts/index.html.erb within layouts/application (4.9ms)
Completed 200 OK in 57ms (Views: 47.6ms | ActiveRecord: 1.5ms)


Started DELETE "/users/sign_out" for 127.0.0.1 at 2018-07-08 12:20:50 +0100
Processing by Devise::SessionsController#destroy as HTML
  Parameters: {"authenticity_token"=>"wbUx356OPiIXB0kidGXzlLEgMRZCQdI8JGwiir3QMeXSciI/6OtFETE0ZHJbA85nW5v/8zl5HuBDNu/J+cJLgQ=="}
  [1m[36mUser Load (0.9ms)[0m  [1m[34mSELECT  "users".* FROM "users" WHERE "users"."id" = $1 ORDER BY "users"."id" ASC LIMIT $2[0m  [["id", 2], ["LIMIT", 1]]
  ↳ /Users/tech-a04/.rbenv/versions/2.4.0/lib/ruby/gems/2.4.0/gems/activerecord-5.2.0/lib/active_record/log_subscriber.rb:98
  [1m[35m (0.3ms)[0m  [1m[35mBEGIN[0m
  ↳ /Users/tech-a04/.rbenv/versions/2.4.0/lib/ruby/gems/2.4.0/gems/activerecord-5.2.0/lib/active_record/log_subscriber.rb:98
  [1m[35m (0.2ms)[0m  [1m[35mCOMMIT[0m
  ↳ /Users/tech-a04/.rbenv/versions/2.4.0/lib/ruby/gems/2.4.0/gems/activerecord-5.2.0/lib/active_record/log_subscriber.rb:98
Redirected to http://localhost:3000/
Completed 302 Found in 9ms (ActiveRecord: 1.4ms)


Started GET "/" for 127.0.0.1 at 2018-07-08 12:20:50 +0100
Processing by PostsController#index as HTML
Completed 401 Unauthorized in 2ms (ActiveRecord: 0.0ms)


Started GET "/users/sign_in" for 127.0.0.1 at 2018-07-08 12:20:50 +0100
Processing by Devise::SessionsController#new as HTML
  Rendering devise/sessions/new.html.erb within layouts/application
  Rendered devise/shared/_links.html.erb (1.5ms)
  Rendered devise/sessions/new.html.erb within layouts/application (7.3ms)
Completed 200 OK in 43ms (Views: 41.6ms | ActiveRecord: 0.0ms)


